# JRE version: OpenJDK Runtime Environment (11.0.13+8) (build 11.0.13+8-LTS)
# Java VM: OpenJDK 64-Bit Server VM (11.0.13+8-LTS, mixed mode, tiered, compressed oops, g1 gc, bsd-aarch64)
Heap:
 garbage-first heap   total 524288K, used 91705K [0x00000005c0000000, 0x00000007c0000000)
  region size 2048K, 39 young (79872K), 2 survivors (4096K)
 Metaspace       used 37129K, capacity 38606K, committed 38960K, reserved 1083392K
  class space    used 4276K, capacity 4934K, committed 4992K, reserved 1048576K
GC Heap History (10 events):
Event: 0.387 GC heap before
{Heap before GC invocations=0 (full 0):
 garbage-first heap   total 524288K, used 22528K [0x00000005c0000000, 0x00000007c0000000)
  region size 2048K, 12 young (24576K), 0 survivors (0K)
 Metaspace       used 16569K, capacity 17024K, committed 17152K, reserved 1064960K
  class space    used 1634K, capacity 1778K, committed 1792K, reserved 1048576K
}
Event: 0.389 GC heap after
{Heap after GC invocations=1 (full 0):
 garbage-first heap   total 524288K, used 4051K [0x00000005c0000000, 0x00000007c0000000)
  region size 2048K, 2 young (4096K), 2 survivors (4096K)
 Metaspace       used 16569K, capacity 17024K, committed 17152K, reserved 1064960K
  class space    used 1634K, capacity 1778K, committed 1792K, reserved 1048576K
}
Event: 0.484 GC heap before
{Heap before GC invocations=1 (full 0):
 garbage-first heap   total 524288K, used 12243K [0x00000005c0000000, 0x00000007c0000000)
  region size 2048K, 7 young (14336K), 2 survivors (4096K)
 Metaspace       used 20696K, capacity 21228K, committed 21296K, reserved 1069056K
  class space    used 2169K, capacity 2419K, committed 2432K, reserved 1048576K
}
Event: 0.488 GC heap after
{Heap after GC invocations=2 (full 0):
 garbage-first heap   total 524288K, used 5284K [0x00000005c0000000, 0x00000007c0000000)
  region size 2048K, 3 young (6144K), 3 survivors (6144K)
 Metaspace       used 20696K, capacity 21228K, committed 21296K, reserved 1069056K
  class space    used 2169K, capacity 2419K, committed 2432K, reserved 1048576K
}
Event: 3.280 GC heap before
{Heap before GC invocations=3 (full 0):
 garbage-first heap   total 524288K, used 46244K [0x00000005c0000000, 0x00000007c0000000)
  region size 2048K, 23 young (47104K), 3 survivors (6144K)
 Metaspace       used 34261K, capacity 35653K, committed 35888K, reserved 1081344K
  class space    used 4142K, capacity 4711K, committed 4736K, reserved 1048576K
}
Event: 3.293 GC heap after
{Heap after GC invocations=4 (full 0):
 garbage-first heap   total 524288K, used 15126K [0x00000005c0000000, 0x00000007c0000000)
  region size 2048K, 3 young (6144K), 3 survivors (6144K)
 Metaspace       used 34261K, capacity 35653K, committed 35888K, reserved 1081344K
  class space    used 4142K, capacity 4711K, committed 4736K, reserved 1048576K
}
Event: 195.494 GC heap before
{Heap before GC invocations=5 (full 0):
 garbage-first heap   total 524288K, used 33558K [0x00000005c0000000, 0x00000007c0000000)
  region size 2048K, 12 young (24576K), 3 survivors (6144K)
 Metaspace       used 35621K, capacity 37086K, committed 37424K, reserved 1081344K
  class space    used 4259K, capacity 4914K, committed 4992K, reserved 1048576K
}
Event: 195.509 GC heap after
{Heap after GC invocations=6 (full 0):
 garbage-first heap   total 524288K, used 18735K [0x00000005c0000000, 0x00000007c0000000)
  region size 2048K, 2 young (4096K), 2 survivors (4096K)
 Metaspace       used 35621K, capacity 37086K, committed 37424K, reserved 1081344K
  class space    used 4259K, capacity 4914K, committed 4992K, reserved 1048576K
}
Event: 526.152 GC heap before
{Heap before GC invocations=6 (full 0):
 garbage-first heap   total 524288K, used 74031K [0x00000005c0000000, 0x00000007c0000000)
  region size 2048K, 29 young (59392K), 2 survivors (4096K)
 Metaspace       used 36631K, capacity 38163K, committed 38448K, reserved 1083392K
  class space    used 4268K, capacity 4928K, committed 4992K, reserved 1048576K
}
Event: 526.154 GC heap after
{Heap after GC invocations=7 (full 0):
 garbage-first heap   total 524288K, used 17977K [0x00000005c0000000, 0x00000007c0000000)
  region size 2048K, 2 young (4096K), 2 survivors (4096K)
 Metaspace       used 36631K, capacity 38163K, committed 38448K, reserved 1083392K
  class space    used 4268K, capacity 4928K, committed 4992K, reserved 1048576K
}

